<?xml version="1.0" encoding="UTF-8"?>
<!-- Generated by org.testng.reporters.JUnitXMLReporter -->
<testsuite ignored="0" hostname="LTIN210222" failures="0" tests="12" name="Test2" time="85.722" errors="0" timestamp="2024-02-11T11:14:53 IST">
  <testcase classname="TestCases.TC001_HomePageTest" name="test1" time="5.582"/>
  <testcase classname="TestCases.TC002_TravelDetailsTest" name="test2" time="2.711"/>
  <testcase classname="TestCases.TC002_TravelDetailsTest" name="test3" time="0.207"/>
  <testcase classname="TestCases.TC002_TravelDetailsTest" name="test4" time="5.493"/>
  <testcase classname="TestCases.TC002_TravelDetailsTest" name="test5" time="3.684"/>
  <testcase classname="TestCases.TC002_TravelDetailsTest" name="test6" time="0.691"/>
  <testcase classname="TestCases.TC002_TravelDetailsTest" name="test7" time="1.998"/>
  <testcase classname="TestCases.TC002_TravelDetailsTest" name="test8" time="13.281"/>
  <testcase classname="TestCases.TC003_CarInsuranceTest" name="test9" time="4.354"/>
  <testcase classname="TestCases.TC003_CarInsuranceTest" name="test10" time="12.527"/>
  <testcase classname="TestCases.TC003_CarInsuranceTest" name="test11" time="12.939"/>
  <testcase classname="TestCases.TC004_HealthInsuranceNewTest" name="test12" time="6.689"/>
</testsuite> <!-- Test2 -->
