<?xml version="1.0" encoding="UTF-8"?>
<testng-results ignored="0" total="24" passed="24" failed="0" skipped="0">
  <reporter-output>
  </reporter-output>
  <suite started-at="2024-02-11T11:11:50 IST" name="Suite" finished-at="2024-02-11T11:14:53 IST" duration-ms="183450">
    <groups>
      <group name="Master">
        <method signature="TC001_HomePageTest.test1()[pri:1, instance:TestCases.TC004_HealthInsuranceNewTest@55183b20]" name="test1" class="TestCases.TC001_HomePageTest"/>
        <method signature="TC002_TravelDetailsTest.test2()[pri:2, instance:TestCases.TC004_HealthInsuranceNewTest@55183b20]" name="test2" class="TestCases.TC002_TravelDetailsTest"/>
        <method signature="TC002_TravelDetailsTest.test3()[pri:3, instance:TestCases.TC004_HealthInsuranceNewTest@55183b20]" name="test3" class="TestCases.TC002_TravelDetailsTest"/>
        <method signature="TC002_TravelDetailsTest.test4()[pri:4, instance:TestCases.TC004_HealthInsuranceNewTest@55183b20]" name="test4" class="TestCases.TC002_TravelDetailsTest"/>
        <method signature="TC002_TravelDetailsTest.test5()[pri:5, instance:TestCases.TC004_HealthInsuranceNewTest@55183b20]" name="test5" class="TestCases.TC002_TravelDetailsTest"/>
        <method signature="TC002_TravelDetailsTest.test6()[pri:6, instance:TestCases.TC004_HealthInsuranceNewTest@55183b20]" name="test6" class="TestCases.TC002_TravelDetailsTest"/>
        <method signature="TC002_TravelDetailsTest.test7()[pri:7, instance:TestCases.TC004_HealthInsuranceNewTest@55183b20]" name="test7" class="TestCases.TC002_TravelDetailsTest"/>
        <method signature="TC002_TravelDetailsTest.test8()[pri:8, instance:TestCases.TC004_HealthInsuranceNewTest@55183b20]" name="test8" class="TestCases.TC002_TravelDetailsTest"/>
        <method signature="TC003_CarInsuranceTest.test10()[pri:10, instance:TestCases.TC004_HealthInsuranceNewTest@55183b20]" name="test10" class="TestCases.TC003_CarInsuranceTest"/>
        <method signature="TC003_CarInsuranceTest.test11()[pri:11, instance:TestCases.TC004_HealthInsuranceNewTest@55183b20]" name="test11" class="TestCases.TC003_CarInsuranceTest"/>
        <method signature="TC003_CarInsuranceTest.test9()[pri:9, instance:TestCases.TC004_HealthInsuranceNewTest@55183b20]" name="test9" class="TestCases.TC003_CarInsuranceTest"/>
        <method signature="TC004_HealthInsuranceNewTest.test12()[pri:12, instance:TestCases.TC004_HealthInsuranceNewTest@55183b20]" name="test12" class="TestCases.TC004_HealthInsuranceNewTest"/>
        <method signature="TC001_HomePageTest.test1()[pri:1, instance:TestCases.TC004_HealthInsuranceNewTest@36fc695d]" name="test1" class="TestCases.TC001_HomePageTest"/>
        <method signature="TC002_TravelDetailsTest.test2()[pri:2, instance:TestCases.TC004_HealthInsuranceNewTest@36fc695d]" name="test2" class="TestCases.TC002_TravelDetailsTest"/>
        <method signature="TC002_TravelDetailsTest.test3()[pri:3, instance:TestCases.TC004_HealthInsuranceNewTest@36fc695d]" name="test3" class="TestCases.TC002_TravelDetailsTest"/>
        <method signature="TC002_TravelDetailsTest.test4()[pri:4, instance:TestCases.TC004_HealthInsuranceNewTest@36fc695d]" name="test4" class="TestCases.TC002_TravelDetailsTest"/>
        <method signature="TC002_TravelDetailsTest.test5()[pri:5, instance:TestCases.TC004_HealthInsuranceNewTest@36fc695d]" name="test5" class="TestCases.TC002_TravelDetailsTest"/>
        <method signature="TC002_TravelDetailsTest.test6()[pri:6, instance:TestCases.TC004_HealthInsuranceNewTest@36fc695d]" name="test6" class="TestCases.TC002_TravelDetailsTest"/>
        <method signature="TC002_TravelDetailsTest.test7()[pri:7, instance:TestCases.TC004_HealthInsuranceNewTest@36fc695d]" name="test7" class="TestCases.TC002_TravelDetailsTest"/>
        <method signature="TC002_TravelDetailsTest.test8()[pri:8, instance:TestCases.TC004_HealthInsuranceNewTest@36fc695d]" name="test8" class="TestCases.TC002_TravelDetailsTest"/>
        <method signature="TC003_CarInsuranceTest.test10()[pri:10, instance:TestCases.TC004_HealthInsuranceNewTest@36fc695d]" name="test10" class="TestCases.TC003_CarInsuranceTest"/>
        <method signature="TC003_CarInsuranceTest.test11()[pri:11, instance:TestCases.TC004_HealthInsuranceNewTest@36fc695d]" name="test11" class="TestCases.TC003_CarInsuranceTest"/>
        <method signature="TC003_CarInsuranceTest.test9()[pri:9, instance:TestCases.TC004_HealthInsuranceNewTest@36fc695d]" name="test9" class="TestCases.TC003_CarInsuranceTest"/>
        <method signature="TC004_HealthInsuranceNewTest.test12()[pri:12, instance:TestCases.TC004_HealthInsuranceNewTest@36fc695d]" name="test12" class="TestCases.TC004_HealthInsuranceNewTest"/>
      </group> <!-- Master -->
      <group name="Sanity">
        <method signature="TC001_HomePageTest.test1()[pri:1, instance:TestCases.TC004_HealthInsuranceNewTest@55183b20]" name="test1" class="TestCases.TC001_HomePageTest"/>
        <method signature="TC003_CarInsuranceTest.test9()[pri:9, instance:TestCases.TC004_HealthInsuranceNewTest@55183b20]" name="test9" class="TestCases.TC003_CarInsuranceTest"/>
        <method signature="TC001_HomePageTest.test1()[pri:1, instance:TestCases.TC004_HealthInsuranceNewTest@36fc695d]" name="test1" class="TestCases.TC001_HomePageTest"/>
        <method signature="TC003_CarInsuranceTest.test9()[pri:9, instance:TestCases.TC004_HealthInsuranceNewTest@36fc695d]" name="test9" class="TestCases.TC003_CarInsuranceTest"/>
      </group> <!-- Sanity -->
    </groups>
    <test started-at="2024-02-11T11:11:50 IST" name="Test" finished-at="2024-02-11T11:13:27 IST" duration-ms="96973">
      <class name="TestCases.TC004_HealthInsuranceNewTest">
        <test-method is-config="true" signature="Setup(java.lang.String,java.lang.String)[pri:0, instance:TestCases.TC004_HealthInsuranceNewTest@55183b20]" started-at="2024-02-11T11:11:50 IST" name="Setup" finished-at="2024-02-11T11:12:08 IST" duration-ms="17311" status="PASS">
          <params>
            <param index="0">
              <value>
                <![CDATA[edge]]>
              </value>
            </param>
            <param index="1">
              <value>
                <![CDATA[Windows]]>
              </value>
            </param>
          </params>
          <reporter-output>
          </reporter-output>
        </test-method> <!-- Setup -->
        <test-method signature="test1()[pri:1, instance:TestCases.TC004_HealthInsuranceNewTest@55183b20]" started-at="2024-02-11T11:12:08 IST" name="test1" finished-at="2024-02-11T11:12:14 IST" duration-ms="5706" status="PASS">
          <reporter-output>
          </reporter-output>
        </test-method> <!-- test1 -->
        <test-method signature="test2()[pri:2, instance:TestCases.TC004_HealthInsuranceNewTest@55183b20]" started-at="2024-02-11T11:12:14 IST" name="test2" finished-at="2024-02-11T11:12:17 IST" duration-ms="3293" status="PASS">
          <reporter-output>
          </reporter-output>
        </test-method> <!-- test2 -->
        <test-method signature="test3()[pri:3, instance:TestCases.TC004_HealthInsuranceNewTest@55183b20]" started-at="2024-02-11T11:12:18 IST" name="test3" finished-at="2024-02-11T11:12:18 IST" duration-ms="231" status="PASS">
          <reporter-output>
          </reporter-output>
        </test-method> <!-- test3 -->
        <test-method signature="test4()[pri:4, instance:TestCases.TC004_HealthInsuranceNewTest@55183b20]" started-at="2024-02-11T11:12:18 IST" name="test4" finished-at="2024-02-11T11:12:24 IST" duration-ms="5989" status="PASS">
          <reporter-output>
          </reporter-output>
        </test-method> <!-- test4 -->
        <test-method signature="test5()[pri:5, instance:TestCases.TC004_HealthInsuranceNewTest@55183b20]" started-at="2024-02-11T11:12:25 IST" name="test5" finished-at="2024-02-11T11:12:29 IST" duration-ms="4222" status="PASS">
          <reporter-output>
          </reporter-output>
        </test-method> <!-- test5 -->
        <test-method signature="test6()[pri:6, instance:TestCases.TC004_HealthInsuranceNewTest@55183b20]" started-at="2024-02-11T11:12:29 IST" name="test6" finished-at="2024-02-11T11:12:30 IST" duration-ms="571" status="PASS">
          <reporter-output>
          </reporter-output>
        </test-method> <!-- test6 -->
        <test-method signature="test7()[pri:7, instance:TestCases.TC004_HealthInsuranceNewTest@55183b20]" started-at="2024-02-11T11:12:30 IST" name="test7" finished-at="2024-02-11T11:12:32 IST" duration-ms="1269" status="PASS">
          <reporter-output>
          </reporter-output>
        </test-method> <!-- test7 -->
        <test-method signature="test8()[pri:8, instance:TestCases.TC004_HealthInsuranceNewTest@55183b20]" started-at="2024-02-11T11:12:32 IST" name="test8" finished-at="2024-02-11T11:12:46 IST" duration-ms="13704" status="PASS">
          <reporter-output>
          </reporter-output>
        </test-method> <!-- test8 -->
        <test-method signature="test9()[pri:9, instance:TestCases.TC004_HealthInsuranceNewTest@55183b20]" started-at="2024-02-11T11:12:46 IST" name="test9" finished-at="2024-02-11T11:12:50 IST" duration-ms="4547" status="PASS">
          <reporter-output>
          </reporter-output>
        </test-method> <!-- test9 -->
        <test-method signature="test10()[pri:10, instance:TestCases.TC004_HealthInsuranceNewTest@55183b20]" started-at="2024-02-11T11:12:51 IST" name="test10" finished-at="2024-02-11T11:13:04 IST" duration-ms="12887" status="PASS">
          <reporter-output>
          </reporter-output>
        </test-method> <!-- test10 -->
        <test-method signature="test11()[pri:11, instance:TestCases.TC004_HealthInsuranceNewTest@55183b20]" started-at="2024-02-11T11:13:04 IST" name="test11" finished-at="2024-02-11T11:13:17 IST" duration-ms="13368" status="PASS">
          <reporter-output>
          </reporter-output>
        </test-method> <!-- test11 -->
        <test-method signature="test12()[pri:12, instance:TestCases.TC004_HealthInsuranceNewTest@55183b20]" started-at="2024-02-11T11:13:18 IST" name="test12" finished-at="2024-02-11T11:13:25 IST" duration-ms="7146" status="PASS">
          <reporter-output>
          </reporter-output>
        </test-method> <!-- test12 -->
        <test-method is-config="true" signature="TearDown()[pri:0, instance:TestCases.TC004_HealthInsuranceNewTest@55183b20]" started-at="2024-02-11T11:13:25 IST" name="TearDown" finished-at="2024-02-11T11:13:27 IST" duration-ms="1735" status="PASS">
          <reporter-output>
          </reporter-output>
        </test-method> <!-- TearDown -->
      </class> <!-- TestCases.TC004_HealthInsuranceNewTest -->
    </test> <!-- Test -->
    <test started-at="2024-02-11T11:13:28 IST" name="Test2" finished-at="2024-02-11T11:14:53 IST" duration-ms="85722">
      <class name="TestCases.TC004_HealthInsuranceNewTest">
        <test-method is-config="true" signature="Setup(java.lang.String,java.lang.String)[pri:0, instance:TestCases.TC004_HealthInsuranceNewTest@36fc695d]" started-at="2024-02-11T11:13:28 IST" name="Setup" finished-at="2024-02-11T11:13:38 IST" duration-ms="10081" status="PASS">
          <params>
            <param index="0">
              <value>
                <![CDATA[chrome]]>
              </value>
            </param>
            <param index="1">
              <value>
                <![CDATA[Windows]]>
              </value>
            </param>
          </params>
          <reporter-output>
          </reporter-output>
        </test-method> <!-- Setup -->
        <test-method signature="test1()[pri:1, instance:TestCases.TC004_HealthInsuranceNewTest@36fc695d]" started-at="2024-02-11T11:13:38 IST" name="test1" finished-at="2024-02-11T11:13:43 IST" duration-ms="5582" status="PASS">
          <reporter-output>
          </reporter-output>
        </test-method> <!-- test1 -->
        <test-method signature="test2()[pri:2, instance:TestCases.TC004_HealthInsuranceNewTest@36fc695d]" started-at="2024-02-11T11:13:44 IST" name="test2" finished-at="2024-02-11T11:13:46 IST" duration-ms="2711" status="PASS">
          <reporter-output>
          </reporter-output>
        </test-method> <!-- test2 -->
        <test-method signature="test3()[pri:3, instance:TestCases.TC004_HealthInsuranceNewTest@36fc695d]" started-at="2024-02-11T11:13:47 IST" name="test3" finished-at="2024-02-11T11:13:47 IST" duration-ms="207" status="PASS">
          <reporter-output>
          </reporter-output>
        </test-method> <!-- test3 -->
        <test-method signature="test4()[pri:4, instance:TestCases.TC004_HealthInsuranceNewTest@36fc695d]" started-at="2024-02-11T11:13:47 IST" name="test4" finished-at="2024-02-11T11:13:53 IST" duration-ms="5493" status="PASS">
          <reporter-output>
          </reporter-output>
        </test-method> <!-- test4 -->
        <test-method signature="test5()[pri:5, instance:TestCases.TC004_HealthInsuranceNewTest@36fc695d]" started-at="2024-02-11T11:13:53 IST" name="test5" finished-at="2024-02-11T11:13:57 IST" duration-ms="3684" status="PASS">
          <reporter-output>
          </reporter-output>
        </test-method> <!-- test5 -->
        <test-method signature="test6()[pri:6, instance:TestCases.TC004_HealthInsuranceNewTest@36fc695d]" started-at="2024-02-11T11:13:57 IST" name="test6" finished-at="2024-02-11T11:13:58 IST" duration-ms="691" status="PASS">
          <reporter-output>
          </reporter-output>
        </test-method> <!-- test6 -->
        <test-method signature="test7()[pri:7, instance:TestCases.TC004_HealthInsuranceNewTest@36fc695d]" started-at="2024-02-11T11:13:58 IST" name="test7" finished-at="2024-02-11T11:14:00 IST" duration-ms="1998" status="PASS">
          <reporter-output>
          </reporter-output>
        </test-method> <!-- test7 -->
        <test-method signature="test8()[pri:8, instance:TestCases.TC004_HealthInsuranceNewTest@36fc695d]" started-at="2024-02-11T11:14:01 IST" name="test8" finished-at="2024-02-11T11:14:14 IST" duration-ms="13281" status="PASS">
          <reporter-output>
          </reporter-output>
        </test-method> <!-- test8 -->
        <test-method signature="test9()[pri:9, instance:TestCases.TC004_HealthInsuranceNewTest@36fc695d]" started-at="2024-02-11T11:14:14 IST" name="test9" finished-at="2024-02-11T11:14:19 IST" duration-ms="4354" status="PASS">
          <reporter-output>
          </reporter-output>
        </test-method> <!-- test9 -->
        <test-method signature="test10()[pri:10, instance:TestCases.TC004_HealthInsuranceNewTest@36fc695d]" started-at="2024-02-11T11:14:19 IST" name="test10" finished-at="2024-02-11T11:14:32 IST" duration-ms="12527" status="PASS">
          <reporter-output>
          </reporter-output>
        </test-method> <!-- test10 -->
        <test-method signature="test11()[pri:11, instance:TestCases.TC004_HealthInsuranceNewTest@36fc695d]" started-at="2024-02-11T11:14:32 IST" name="test11" finished-at="2024-02-11T11:14:45 IST" duration-ms="12939" status="PASS">
          <reporter-output>
          </reporter-output>
        </test-method> <!-- test11 -->
        <test-method signature="test12()[pri:12, instance:TestCases.TC004_HealthInsuranceNewTest@36fc695d]" started-at="2024-02-11T11:14:45 IST" name="test12" finished-at="2024-02-11T11:14:52 IST" duration-ms="6689" status="PASS">
          <reporter-output>
          </reporter-output>
        </test-method> <!-- test12 -->
        <test-method is-config="true" signature="TearDown()[pri:0, instance:TestCases.TC004_HealthInsuranceNewTest@36fc695d]" started-at="2024-02-11T11:14:52 IST" name="TearDown" finished-at="2024-02-11T11:14:53 IST" duration-ms="1321" status="PASS">
          <reporter-output>
          </reporter-output>
        </test-method> <!-- TearDown -->
      </class> <!-- TestCases.TC004_HealthInsuranceNewTest -->
    </test> <!-- Test2 -->
  </suite> <!-- Suite -->
</testng-results>
